2013-01-16 21:34:39 Error: [MissingControllerException] Controller class PostsController could not be found.
#0 /www/hidef/app/webroot/index.php(97): Dispatcher->dispatch(Object(CakeRequest), Object(CakeResponse))
#1 {main}
2013-01-16 21:34:52 Error: Fatal Error (1): Call to a member function find() on a non-object in [/www/hidef/app/Controller/ContactsController.php, line 8]
2013-01-16 21:34:52 Error: [FatalErrorException] Call to a member function find() on a non-object
#0 /www/hidef/lib/Cake/Error/ErrorHandler.php(161): ErrorHandler::handleFatalError(1, 'Call to a membe...', '/www/hidef/app/...', 8)
#1 [internal function]: ErrorHandler::handleError(1, 'Call to a membe...', '/www/hidef/app/...', 8, Array)
#2 /www/hidef/lib/Cake/Core/App.php(926): call_user_func('ErrorHandler::h...', 1, 'Call to a membe...', '/www/hidef/app/...', 8, Array)
#3 /www/hidef/lib/Cake/Core/App.php(899): App::_checkFatalError()
#4 [internal function]: App::shutdown()
#5 {main}
2013-01-16 21:36:03 Error: [MissingTableException] Table contacts for model Contact was not found in datasource default.
#0 /www/hidef/lib/Cake/Model/Model.php(3217): Model->setSource('contacts')
#1 /www/hidef/lib/Cake/Model/Model.php(2674): Model->getDataSource()
#2 /www/hidef/app/Controller/ContactsController.php(8): Model->find('all')
#3 [internal function]: ContactsController->index('home')
#4 /www/hidef/lib/Cake/Controller/Controller.php(485): ReflectionMethod->invokeArgs(Object(ContactsController), Array)
#5 /www/hidef/lib/Cake/Routing/Dispatcher.php(186): Controller->invokeAction(Object(CakeRequest))
#6 /www/hidef/lib/Cake/Routing/Dispatcher.php(161): Dispatcher->_invoke(Object(ContactsController), Object(CakeRequest), Object(CakeResponse))
#7 /www/hidef/app/webroot/index.php(97): Dispatcher->dispatch(Object(CakeRequest), Object(CakeResponse))
#8 {main}
2013-01-16 21:36:45 Error: [MissingTableException] Table contacts for model Contact was not found in datasource default.
#0 /www/hidef/lib/Cake/Model/Model.php(3217): Model->setSource('contacts')
#1 /www/hidef/lib/Cake/Model/Model.php(2674): Model->getDataSource()
#2 /www/hidef/app/Controller/ContactsController.php(8): Model->find('all')
#3 [internal function]: ContactsController->index('home')
#4 /www/hidef/lib/Cake/Controller/Controller.php(485): ReflectionMethod->invokeArgs(Object(ContactsController), Array)
#5 /www/hidef/lib/Cake/Routing/Dispatcher.php(186): Controller->invokeAction(Object(CakeRequest))
#6 /www/hidef/lib/Cake/Routing/Dispatcher.php(161): Dispatcher->_invoke(Object(ContactsController), Object(CakeRequest), Object(CakeResponse))
#7 /www/hidef/app/webroot/index.php(97): Dispatcher->dispatch(Object(CakeRequest), Object(CakeResponse))
#8 {main}
2013-01-16 21:38:00 Error: [MissingTableException] Table contacts for model Contact was not found in datasource default.
#0 /www/hidef/lib/Cake/Model/Model.php(3217): Model->setSource('contacts')
#1 /www/hidef/lib/Cake/Model/Model.php(2674): Model->getDataSource()
#2 /www/hidef/app/Controller/ContactsController.php(8): Model->find('all')
#3 [internal function]: ContactsController->index('home')
#4 /www/hidef/lib/Cake/Controller/Controller.php(485): ReflectionMethod->invokeArgs(Object(ContactsController), Array)
#5 /www/hidef/lib/Cake/Routing/Dispatcher.php(186): Controller->invokeAction(Object(CakeRequest))
#6 /www/hidef/lib/Cake/Routing/Dispatcher.php(161): Dispatcher->_invoke(Object(ContactsController), Object(CakeRequest), Object(CakeResponse))
#7 /www/hidef/app/webroot/index.php(97): Dispatcher->dispatch(Object(CakeRequest), Object(CakeResponse))
#8 {main}
2013-01-16 21:38:01 Error: [MissingTableException] Table contacts for model Contact was not found in datasource default.
#0 /www/hidef/lib/Cake/Model/Model.php(3217): Model->setSource('contacts')
#1 /www/hidef/lib/Cake/Model/Model.php(2674): Model->getDataSource()
#2 /www/hidef/app/Controller/ContactsController.php(8): Model->find('all')
#3 [internal function]: ContactsController->index('home')
#4 /www/hidef/lib/Cake/Controller/Controller.php(485): ReflectionMethod->invokeArgs(Object(ContactsController), Array)
#5 /www/hidef/lib/Cake/Routing/Dispatcher.php(186): Controller->invokeAction(Object(CakeRequest))
#6 /www/hidef/lib/Cake/Routing/Dispatcher.php(161): Dispatcher->_invoke(Object(ContactsController), Object(CakeRequest), Object(CakeResponse))
#7 /www/hidef/app/webroot/index.php(97): Dispatcher->dispatch(Object(CakeRequest), Object(CakeResponse))
#8 {main}
2013-01-16 21:38:02 Error: [MissingTableException] Table contacts for model Contact was not found in datasource default.
#0 /www/hidef/lib/Cake/Model/Model.php(3217): Model->setSource('contacts')
#1 /www/hidef/lib/Cake/Model/Model.php(2674): Model->getDataSource()
#2 /www/hidef/app/Controller/ContactsController.php(8): Model->find('all')
#3 [internal function]: ContactsController->index('home')
#4 /www/hidef/lib/Cake/Controller/Controller.php(485): ReflectionMethod->invokeArgs(Object(ContactsController), Array)
#5 /www/hidef/lib/Cake/Routing/Dispatcher.php(186): Controller->invokeAction(Object(CakeRequest))
#6 /www/hidef/lib/Cake/Routing/Dispatcher.php(161): Dispatcher->_invoke(Object(ContactsController), Object(CakeRequest), Object(CakeResponse))
#7 /www/hidef/app/webroot/index.php(97): Dispatcher->dispatch(Object(CakeRequest), Object(CakeResponse))
#8 {main}
2013-01-16 21:38:02 Error: [MissingTableException] Table contacts for model Contact was not found in datasource default.
#0 /www/hidef/lib/Cake/Model/Model.php(3217): Model->setSource('contacts')
#1 /www/hidef/lib/Cake/Model/Model.php(2674): Model->getDataSource()
#2 /www/hidef/app/Controller/ContactsController.php(8): Model->find('all')
#3 [internal function]: ContactsController->index('home')
#4 /www/hidef/lib/Cake/Controller/Controller.php(485): ReflectionMethod->invokeArgs(Object(ContactsController), Array)
#5 /www/hidef/lib/Cake/Routing/Dispatcher.php(186): Controller->invokeAction(Object(CakeRequest))
#6 /www/hidef/lib/Cake/Routing/Dispatcher.php(161): Dispatcher->_invoke(Object(ContactsController), Object(CakeRequest), Object(CakeResponse))
#7 /www/hidef/app/webroot/index.php(97): Dispatcher->dispatch(Object(CakeRequest), Object(CakeResponse))
#8 {main}
2013-01-16 21:38:19 Error: [MissingViewException] View file "/www/hidef/app/View/Contacts/index.ctp" is missing.
#0 /www/hidef/lib/Cake/View/View.php(467): View->_getViewFileName(NULL)
#1 /www/hidef/lib/Cake/Controller/Controller.php(955): View->render(NULL, NULL)
#2 /www/hidef/lib/Cake/Routing/Dispatcher.php(193): Controller->render()
#3 /www/hidef/lib/Cake/Routing/Dispatcher.php(161): Dispatcher->_invoke(Object(ContactsController), Object(CakeRequest), Object(CakeResponse))
#4 /www/hidef/app/webroot/index.php(97): Dispatcher->dispatch(Object(CakeRequest), Object(CakeResponse))
#5 {main}
2013-01-16 21:53:21 Error: Fatal Error (1): Call to a member function script() on a non-object in [/www/hidef/app/Controller/ContactsController.php, line 9]
2013-01-16 21:53:21 Error: [FatalErrorException] Call to a member function script() on a non-object
#0 /www/hidef/lib/Cake/Error/ErrorHandler.php(161): ErrorHandler::handleFatalError(1, 'Call to a membe...', '/www/hidef/app/...', 9)
#1 [internal function]: ErrorHandler::handleError(1, 'Call to a membe...', '/www/hidef/app/...', 9, Array)
#2 /www/hidef/lib/Cake/Core/App.php(926): call_user_func('ErrorHandler::h...', 1, 'Call to a membe...', '/www/hidef/app/...', 9, Array)
#3 /www/hidef/lib/Cake/Core/App.php(899): App::_checkFatalError()
#4 [internal function]: App::shutdown()
#5 {main}
2013-01-16 21:55:11 Error: Fatal Error (4): syntax error, unexpected '}' in [/www/hidef/app/Controller/ContactsController.php, line 10]
2013-01-16 21:55:11 Error: [FatalErrorException] syntax error, unexpected '}'
#0 /www/hidef/lib/Cake/Error/ErrorHandler.php(161): ErrorHandler::handleFatalError(4, 'syntax error, u...', '/www/hidef/app/...', 10)
#1 [internal function]: ErrorHandler::handleError(4, 'syntax error, u...', '/www/hidef/app/...', 10, Array)
#2 /www/hidef/lib/Cake/Core/App.php(926): call_user_func('ErrorHandler::h...', 4, 'syntax error, u...', '/www/hidef/app/...', 10, Array)
#3 /www/hidef/lib/Cake/Core/App.php(899): App::_checkFatalError()
#4 [internal function]: App::shutdown()
#5 {main}
2013-01-16 21:55:21 Error: Fatal Error (1): Class 'HtmlHelper' not found in [/www/hidef/app/Controller/ContactsController.php, line 9]
2013-01-16 21:55:21 Error: [FatalErrorException] Class 'HtmlHelper' not found
#0 /www/hidef/lib/Cake/Error/ErrorHandler.php(161): ErrorHandler::handleFatalError(1, 'Class 'HtmlHelp...', '/www/hidef/app/...', 9)
#1 [internal function]: ErrorHandler::handleError(1, 'Class 'HtmlHelp...', '/www/hidef/app/...', 9, Array)
#2 /www/hidef/lib/Cake/Core/App.php(926): call_user_func('ErrorHandler::h...', 1, 'Class 'HtmlHelp...', '/www/hidef/app/...', 9, Array)
#3 /www/hidef/lib/Cake/Core/App.php(899): App::_checkFatalError()
#4 [internal function]: App::shutdown()
#5 {main}
2013-01-16 21:56:52 Error: Fatal Error (1): Call to a member function script() on a non-object in [/www/hidef/app/Controller/ContactsController.php, line 10]
2013-01-16 21:56:52 Error: [FatalErrorException] Call to a member function script() on a non-object
#0 /www/hidef/lib/Cake/Error/ErrorHandler.php(161): ErrorHandler::handleFatalError(1, 'Call to a membe...', '/www/hidef/app/...', 10)
#1 [internal function]: ErrorHandler::handleError(1, 'Call to a membe...', '/www/hidef/app/...', 10, Array)
#2 /www/hidef/lib/Cake/Core/App.php(926): call_user_func('ErrorHandler::h...', 1, 'Call to a membe...', '/www/hidef/app/...', 10, Array)
#3 /www/hidef/lib/Cake/Core/App.php(899): App::_checkFatalError()
#4 [internal function]: App::shutdown()
#5 {main}
2013-01-17 00:26:56 Error: Fatal Error (1): Call to a member function script() on a non-object in [/www/hidef/app/Controller/ContactsController.php, line 10]
2013-01-17 00:26:56 Error: [FatalErrorException] Call to a member function script() on a non-object
#0 /www/hidef/lib/Cake/Error/ErrorHandler.php(161): ErrorHandler::handleFatalError(1, 'Call to a membe...', '/www/hidef/app/...', 10)
#1 [internal function]: ErrorHandler::handleError(1, 'Call to a membe...', '/www/hidef/app/...', 10, Array)
#2 /www/hidef/lib/Cake/Core/App.php(926): call_user_func('ErrorHandler::h...', 1, 'Call to a membe...', '/www/hidef/app/...', 10, Array)
#3 /www/hidef/lib/Cake/Core/App.php(899): App::_checkFatalError()
#4 [internal function]: App::shutdown()
#5 {main}
2013-01-17 02:36:44 Error: Fatal Error (1): Call to a member function script() on a non-object in [/www/hidef/app/Controller/ContactsController.php, line 10]
2013-01-17 02:36:44 Error: [FatalErrorException] Call to a member function script() on a non-object
#0 /www/hidef/lib/Cake/Error/ErrorHandler.php(161): ErrorHandler::handleFatalError(1, 'Call to a membe...', '/www/hidef/app/...', 10)
#1 [internal function]: ErrorHandler::handleError(1, 'Call to a membe...', '/www/hidef/app/...', 10, Array)
#2 /www/hidef/lib/Cake/Core/App.php(926): call_user_func('ErrorHandler::h...', 1, 'Call to a membe...', '/www/hidef/app/...', 10, Array)
#3 /www/hidef/lib/Cake/Core/App.php(899): App::_checkFatalError()
#4 [internal function]: App::shutdown()
#5 {main}
2013-01-17 02:36:44 Error: Fatal Error (1): Call to a member function script() on a non-object in [/www/hidef/app/Controller/ContactsController.php, line 10]
2013-01-17 02:36:44 Error: [FatalErrorException] Call to a member function script() on a non-object
#0 /www/hidef/lib/Cake/Error/ErrorHandler.php(161): ErrorHandler::handleFatalError(1, 'Call to a membe...', '/www/hidef/app/...', 10)
#1 [internal function]: ErrorHandler::handleError(1, 'Call to a membe...', '/www/hidef/app/...', 10, Array)
#2 /www/hidef/lib/Cake/Core/App.php(926): call_user_func('ErrorHandler::h...', 1, 'Call to a membe...', '/www/hidef/app/...', 10, Array)
#3 /www/hidef/lib/Cake/Core/App.php(899): App::_checkFatalError()
#4 [internal function]: App::shutdown()
#5 {main}
2013-01-17 02:37:01 Error: Fatal Error (1): Class 'HtmlHelper' not found in [/www/hidef/app/Controller/ContactsController.php, line 9]
2013-01-17 02:37:01 Error: [FatalErrorException] Class 'HtmlHelper' not found
#0 /www/hidef/lib/Cake/Error/ErrorHandler.php(161): ErrorHandler::handleFatalError(1, 'Class 'HtmlHelp...', '/www/hidef/app/...', 9)
#1 [internal function]: ErrorHandler::handleError(1, 'Class 'HtmlHelp...', '/www/hidef/app/...', 9, Array)
#2 /www/hidef/lib/Cake/Core/App.php(926): call_user_func('ErrorHandler::h...', 1, 'Class 'HtmlHelp...', '/www/hidef/app/...', 9, Array)
#3 /www/hidef/lib/Cake/Core/App.php(899): App::_checkFatalError()
#4 [internal function]: App::shutdown()
#5 {main}
2013-01-17 02:38:52 Error: Fatal Error (1): Class 'HtmlHelper' not found in [/www/hidef/app/Controller/ContactsController.php, line 9]
2013-01-17 02:38:52 Error: [FatalErrorException] Class 'HtmlHelper' not found
#0 /www/hidef/lib/Cake/Error/ErrorHandler.php(161): ErrorHandler::handleFatalError(1, 'Class 'HtmlHelp...', '/www/hidef/app/...', 9)
#1 [internal function]: ErrorHandler::handleError(1, 'Class 'HtmlHelp...', '/www/hidef/app/...', 9, Array)
#2 /www/hidef/lib/Cake/Core/App.php(926): call_user_func('ErrorHandler::h...', 1, 'Class 'HtmlHelp...', '/www/hidef/app/...', 9, Array)
#3 /www/hidef/lib/Cake/Core/App.php(899): App::_checkFatalError()
#4 [internal function]: App::shutdown()
#5 {main}
2013-01-17 02:38:57 Error: Fatal Error (1): Call to a member function script() on a non-object in [/www/hidef/app/Controller/ContactsController.php, line 9]
2013-01-17 02:38:57 Error: [FatalErrorException] Call to a member function script() on a non-object
#0 /www/hidef/lib/Cake/Error/ErrorHandler.php(161): ErrorHandler::handleFatalError(1, 'Call to a membe...', '/www/hidef/app/...', 9)
#1 [internal function]: ErrorHandler::handleError(1, 'Call to a membe...', '/www/hidef/app/...', 9, Array)
#2 /www/hidef/lib/Cake/Core/App.php(926): call_user_func('ErrorHandler::h...', 1, 'Call to a membe...', '/www/hidef/app/...', 9, Array)
#3 /www/hidef/lib/Cake/Core/App.php(899): App::_checkFatalError()
#4 [internal function]: App::shutdown()
#5 {main}
2013-01-17 02:38:58 Error: Fatal Error (1): Call to a member function script() on a non-object in [/www/hidef/app/Controller/ContactsController.php, line 9]
2013-01-17 02:38:58 Error: [FatalErrorException] Call to a member function script() on a non-object
#0 /www/hidef/lib/Cake/Error/ErrorHandler.php(161): ErrorHandler::handleFatalError(1, 'Call to a membe...', '/www/hidef/app/...', 9)
#1 [internal function]: ErrorHandler::handleError(1, 'Call to a membe...', '/www/hidef/app/...', 9, Array)
#2 /www/hidef/lib/Cake/Core/App.php(926): call_user_func('ErrorHandler::h...', 1, 'Call to a membe...', '/www/hidef/app/...', 9, Array)
#3 /www/hidef/lib/Cake/Core/App.php(899): App::_checkFatalError()
#4 [internal function]: App::shutdown()
#5 {main}
2013-01-17 02:40:27 Error: Fatal Error (1): Call to a member function script() on a non-object in [/www/hidef/app/Controller/ContactsController.php, line 9]
2013-01-17 02:40:27 Error: [FatalErrorException] Call to a member function script() on a non-object
#0 /www/hidef/lib/Cake/Error/ErrorHandler.php(161): ErrorHandler::handleFatalError(1, 'Call to a membe...', '/www/hidef/app/...', 9)
#1 [internal function]: ErrorHandler::handleError(1, 'Call to a membe...', '/www/hidef/app/...', 9, Array)
#2 /www/hidef/lib/Cake/Core/App.php(926): call_user_func('ErrorHandler::h...', 1, 'Call to a membe...', '/www/hidef/app/...', 9, Array)
#3 /www/hidef/lib/Cake/Core/App.php(899): App::_checkFatalError()
#4 [internal function]: App::shutdown()
#5 {main}
2013-01-17 02:42:05 Error: Fatal Error (1): Call to a member function script() on a non-object in [/www/hidef/app/Controller/ContactsController.php, line 9]
2013-01-17 02:42:05 Error: [FatalErrorException] Call to a member function script() on a non-object
#0 /www/hidef/lib/Cake/Error/ErrorHandler.php(161): ErrorHandler::handleFatalError(1, 'Call to a membe...', '/www/hidef/app/...', 9)
#1 [internal function]: ErrorHandler::handleError(1, 'Call to a membe...', '/www/hidef/app/...', 9, Array)
#2 /www/hidef/lib/Cake/Core/App.php(926): call_user_func('ErrorHandler::h...', 1, 'Call to a membe...', '/www/hidef/app/...', 9, Array)
#3 /www/hidef/lib/Cake/Core/App.php(899): App::_checkFatalError()
#4 [internal function]: App::shutdown()
#5 {main}
2013-01-17 02:42:07 Error: Fatal Error (1): Call to a member function script() on a non-object in [/www/hidef/app/Controller/ContactsController.php, line 9]
2013-01-17 02:42:07 Error: [FatalErrorException] Call to a member function script() on a non-object
#0 /www/hidef/lib/Cake/Error/ErrorHandler.php(161): ErrorHandler::handleFatalError(1, 'Call to a membe...', '/www/hidef/app/...', 9)
#1 [internal function]: ErrorHandler::handleError(1, 'Call to a membe...', '/www/hidef/app/...', 9, Array)
#2 /www/hidef/lib/Cake/Core/App.php(926): call_user_func('ErrorHandler::h...', 1, 'Call to a membe...', '/www/hidef/app/...', 9, Array)
#3 /www/hidef/lib/Cake/Core/App.php(899): App::_checkFatalError()
#4 [internal function]: App::shutdown()
#5 {main}
2013-01-17 02:42:17 Error: [MissingControllerException] Controller class JsController could not be found.
#0 /www/hidef/app/webroot/index.php(97): Dispatcher->dispatch(Object(CakeRequest), Object(CakeResponse))
#1 {main}
2013-01-17 03:58:37 Error: Fatal Error (1): Call to a member function field() on a non-object in [/www/hidef/app/View/Contacts/index.ctp, line 13]
2013-01-17 03:58:37 Error: [FatalErrorException] Call to a member function field() on a non-object
#0 /www/hidef/lib/Cake/Error/ErrorHandler.php(161): ErrorHandler::handleFatalError(1, 'Call to a membe...', '/www/hidef/app/...', 13)
#1 [internal function]: ErrorHandler::handleError(1, 'Call to a membe...', '/www/hidef/app/...', 13, Array)
#2 /www/hidef/lib/Cake/Core/App.php(926): call_user_func('ErrorHandler::h...', 1, 'Call to a membe...', '/www/hidef/app/...', 13, Array)
#3 /www/hidef/lib/Cake/Core/App.php(899): App::_checkFatalError()
#4 [internal function]: App::shutdown()
#5 {main}
2013-01-17 15:14:12 Error: Fatal Error (4): syntax error, unexpected T_PUBLIC in [/www/hidef/app/Controller/ContactsController.php, line 23]
2013-01-17 15:14:12 Error: [FatalErrorException] syntax error, unexpected T_PUBLIC
#0 /www/hidef/lib/Cake/Error/ErrorHandler.php(161): ErrorHandler::handleFatalError(4, 'syntax error, u...', '/www/hidef/app/...', 23)
#1 [internal function]: ErrorHandler::handleError(4, 'syntax error, u...', '/www/hidef/app/...', 23, Array)
#2 /www/hidef/lib/Cake/Core/App.php(926): call_user_func('ErrorHandler::h...', 4, 'syntax error, u...', '/www/hidef/app/...', 23, Array)
#3 /www/hidef/lib/Cake/Core/App.php(899): App::_checkFatalError()
#4 [internal function]: App::shutdown()
#5 {main}
2013-01-17 15:14:19 Error: Fatal Error (4): syntax error, unexpected T_PUBLIC in [/www/hidef/app/Controller/ContactsController.php, line 23]
2013-01-17 15:14:19 Error: [FatalErrorException] syntax error, unexpected T_PUBLIC
#0 /www/hidef/lib/Cake/Error/ErrorHandler.php(161): ErrorHandler::handleFatalError(4, 'syntax error, u...', '/www/hidef/app/...', 23)
#1 [internal function]: ErrorHandler::handleError(4, 'syntax error, u...', '/www/hidef/app/...', 23, Array)
#2 /www/hidef/lib/Cake/Core/App.php(926): call_user_func('ErrorHandler::h...', 4, 'syntax error, u...', '/www/hidef/app/...', 23, Array)
#3 /www/hidef/lib/Cake/Core/App.php(899): App::_checkFatalError()
#4 [internal function]: App::shutdown()
#5 {main}
2013-01-17 15:14:39 Error: Fatal Error (4): syntax error, unexpected T_PUBLIC in [/www/hidef/app/Controller/ContactsController.php, line 23]
2013-01-17 15:14:39 Error: [FatalErrorException] syntax error, unexpected T_PUBLIC
#0 /www/hidef/lib/Cake/Error/ErrorHandler.php(161): ErrorHandler::handleFatalError(4, 'syntax error, u...', '/www/hidef/app/...', 23)
#1 [internal function]: ErrorHandler::handleError(4, 'syntax error, u...', '/www/hidef/app/...', 23, Array)
#2 /www/hidef/lib/Cake/Core/App.php(926): call_user_func('ErrorHandler::h...', 4, 'syntax error, u...', '/www/hidef/app/...', 23, Array)
#3 /www/hidef/lib/Cake/Core/App.php(899): App::_checkFatalError()
#4 [internal function]: App::shutdown()
#5 {main}
2013-01-17 15:14:42 Error: Fatal Error (4): syntax error, unexpected T_PUBLIC in [/www/hidef/app/Controller/ContactsController.php, line 23]
2013-01-17 15:14:42 Error: [FatalErrorException] syntax error, unexpected T_PUBLIC
#0 /www/hidef/lib/Cake/Error/ErrorHandler.php(161): ErrorHandler::handleFatalError(4, 'syntax error, u...', '/www/hidef/app/...', 23)
#1 [internal function]: ErrorHandler::handleError(4, 'syntax error, u...', '/www/hidef/app/...', 23, Array)
#2 /www/hidef/lib/Cake/Core/App.php(926): call_user_func('ErrorHandler::h...', 4, 'syntax error, u...', '/www/hidef/app/...', 23, Array)
#3 /www/hidef/lib/Cake/Core/App.php(899): App::_checkFatalError()
#4 [internal function]: App::shutdown()
#5 {main}
2013-01-17 15:14:57 Error: [MissingTableException] Table users for model User was not found in datasource default.
#0 /www/hidef/lib/Cake/Model/Model.php(3217): Model->setSource('users')
#1 /www/hidef/lib/Cake/Model/Datasource/DboSource.php(1066): Model->getDataSource()
#2 /www/hidef/lib/Cake/Model/Model.php(2674): DboSource->read(Object(Contact), Array)
#3 /www/hidef/app/Controller/ContactsController.php(8): Model->find('all')
#4 [internal function]: ContactsController->index('home')
#5 /www/hidef/lib/Cake/Controller/Controller.php(485): ReflectionMethod->invokeArgs(Object(ContactsController), Array)
#6 /www/hidef/lib/Cake/Routing/Dispatcher.php(186): Controller->invokeAction(Object(CakeRequest))
#7 /www/hidef/lib/Cake/Routing/Dispatcher.php(161): Dispatcher->_invoke(Object(ContactsController), Object(CakeRequest), Object(CakeResponse))
#8 /www/hidef/app/webroot/index.php(97): Dispatcher->dispatch(Object(CakeRequest), Object(CakeResponse))
#9 {main}
2013-01-17 15:15:07 Error: [MissingTableException] Table users for model User was not found in datasource default.
#0 /www/hidef/lib/Cake/Model/Model.php(3217): Model->setSource('users')
#1 /www/hidef/lib/Cake/Model/Datasource/DboSource.php(1066): Model->getDataSource()
#2 /www/hidef/lib/Cake/Model/Model.php(2674): DboSource->read(Object(Contact), Array)
#3 /www/hidef/app/Controller/ContactsController.php(8): Model->find('all')
#4 [internal function]: ContactsController->index('home')
#5 /www/hidef/lib/Cake/Controller/Controller.php(485): ReflectionMethod->invokeArgs(Object(ContactsController), Array)
#6 /www/hidef/lib/Cake/Routing/Dispatcher.php(186): Controller->invokeAction(Object(CakeRequest))
#7 /www/hidef/lib/Cake/Routing/Dispatcher.php(161): Dispatcher->_invoke(Object(ContactsController), Object(CakeRequest), Object(CakeResponse))
#8 /www/hidef/app/webroot/index.php(97): Dispatcher->dispatch(Object(CakeRequest), Object(CakeResponse))
#9 {main}
2013-01-17 15:15:15 Error: [MissingTableException] Table users for model User was not found in datasource default.
#0 /www/hidef/lib/Cake/Model/Model.php(3217): Model->setSource('users')
#1 /www/hidef/lib/Cake/Model/Datasource/DboSource.php(1066): Model->getDataSource()
#2 /www/hidef/lib/Cake/Model/Model.php(2674): DboSource->read(Object(Contact), Array)
#3 /www/hidef/app/Controller/ContactsController.php(8): Model->find('all')
#4 [internal function]: ContactsController->index('home')
#5 /www/hidef/lib/Cake/Controller/Controller.php(485): ReflectionMethod->invokeArgs(Object(ContactsController), Array)
#6 /www/hidef/lib/Cake/Routing/Dispatcher.php(186): Controller->invokeAction(Object(CakeRequest))
#7 /www/hidef/lib/Cake/Routing/Dispatcher.php(161): Dispatcher->_invoke(Object(ContactsController), Object(CakeRequest), Object(CakeResponse))
#8 /www/hidef/app/webroot/index.php(97): Dispatcher->dispatch(Object(CakeRequest), Object(CakeResponse))
#9 {main}
2013-01-17 15:16:59 Error: [PDOException] SQLSTATE[HY000]: General error: 1 no such column: MessageUser.contact_id
#0 /www/hidef/lib/Cake/Model/Datasource/DboSource.php(457): PDO->prepare('SELECT "Contact...', Array)
#1 /www/hidef/lib/Cake/Model/Datasource/DboSource.php(425): DboSource->_execute('SELECT "Contact...', Array)
#2 /www/hidef/lib/Cake/Model/Datasource/DboSource.php(669): DboSource->execute('SELECT "Contact...', Array, Array)
#3 /www/hidef/lib/Cake/Model/Datasource/DboSource.php(1080): DboSource->fetchAll('SELECT "Contact...', false)
#4 /www/hidef/lib/Cake/Model/Model.php(2674): DboSource->read(Object(Contact), Array)
#5 /www/hidef/app/Controller/ContactsController.php(8): Model->find('all')
#6 [internal function]: ContactsController->index('home')
#7 /www/hidef/lib/Cake/Controller/Controller.php(485): ReflectionMethod->invokeArgs(Object(ContactsController), Array)
#8 /www/hidef/lib/Cake/Routing/Dispatcher.php(186): Controller->invokeAction(Object(CakeRequest))
#9 /www/hidef/lib/Cake/Routing/Dispatcher.php(161): Dispatcher->_invoke(Object(ContactsController), Object(CakeRequest), Object(CakeResponse))
#10 /www/hidef/app/webroot/index.php(97): Dispatcher->dispatch(Object(CakeRequest), Object(CakeResponse))
#11 {main}
2013-01-17 15:17:08 Error: [PDOException] SQLSTATE[HY000]: General error: 1 ambiguous column name: Contact.id
#0 /www/hidef/lib/Cake/Model/Datasource/DboSource.php(457): PDO->prepare('SELECT "Contact...', Array)
#1 /www/hidef/lib/Cake/Model/Datasource/DboSource.php(425): DboSource->_execute('SELECT "Contact...', Array)
#2 /www/hidef/lib/Cake/Model/Datasource/DboSource.php(669): DboSource->execute('SELECT "Contact...', Array, Array)
#3 /www/hidef/lib/Cake/Model/Datasource/DboSource.php(1080): DboSource->fetchAll('SELECT "Contact...', false)
#4 /www/hidef/lib/Cake/Model/Model.php(2674): DboSource->read(Object(Contact), Array)
#5 /www/hidef/app/Controller/ContactsController.php(8): Model->find('all')
#6 [internal function]: ContactsController->index('home')
#7 /www/hidef/lib/Cake/Controller/Controller.php(485): ReflectionMethod->invokeArgs(Object(ContactsController), Array)
#8 /www/hidef/lib/Cake/Routing/Dispatcher.php(186): Controller->invokeAction(Object(CakeRequest))
#9 /www/hidef/lib/Cake/Routing/Dispatcher.php(161): Dispatcher->_invoke(Object(ContactsController), Object(CakeRequest), Object(CakeResponse))
#10 /www/hidef/app/webroot/index.php(97): Dispatcher->dispatch(Object(CakeRequest), Object(CakeResponse))
#11 {main}
2013-01-17 15:17:14 Error: [PDOException] SQLSTATE[HY000]: General error: 1 no such column: City.contact_id
#0 /www/hidef/lib/Cake/Model/Datasource/DboSource.php(457): PDO->prepare('SELECT "Contact...', Array)
#1 /www/hidef/lib/Cake/Model/Datasource/DboSource.php(425): DboSource->_execute('SELECT "Contact...', Array)
#2 /www/hidef/lib/Cake/Model/Datasource/DboSource.php(669): DboSource->execute('SELECT "Contact...', Array, Array)
#3 /www/hidef/lib/Cake/Model/Datasource/DboSource.php(1080): DboSource->fetchAll('SELECT "Contact...', false)
#4 /www/hidef/lib/Cake/Model/Model.php(2674): DboSource->read(Object(Contact), Array)
#5 /www/hidef/app/Controller/ContactsController.php(8): Model->find('all')
#6 [internal function]: ContactsController->index('home')
#7 /www/hidef/lib/Cake/Controller/Controller.php(485): ReflectionMethod->invokeArgs(Object(ContactsController), Array)
#8 /www/hidef/lib/Cake/Routing/Dispatcher.php(186): Controller->invokeAction(Object(CakeRequest))
#9 /www/hidef/lib/Cake/Routing/Dispatcher.php(161): Dispatcher->_invoke(Object(ContactsController), Object(CakeRequest), Object(CakeResponse))
#10 /www/hidef/app/webroot/index.php(97): Dispatcher->dispatch(Object(CakeRequest), Object(CakeResponse))
#11 {main}
2013-01-21 14:32:18 Error: Fatal Error (1): Call to a member function find() on a non-object in [/www/hidef/app/Controller/ContactsController.php, line 9]
2013-01-21 14:32:18 Error: [FatalErrorException] Call to a member function find() on a non-object
#0 /www/hidef/lib/Cake/Error/ErrorHandler.php(161): ErrorHandler::handleFatalError(1, 'Call to a membe...', '/www/hidef/app/...', 9)
#1 [internal function]: ErrorHandler::handleError(1, 'Call to a membe...', '/www/hidef/app/...', 9, Array)
#2 /www/hidef/lib/Cake/Core/App.php(926): call_user_func('ErrorHandler::h...', 1, 'Call to a membe...', '/www/hidef/app/...', 9, Array)
#3 /www/hidef/lib/Cake/Core/App.php(899): App::_checkFatalError()
#4 [internal function]: App::shutdown()
#5 {main}
2013-01-21 14:32:33 Error: Fatal Error (1): Call to a member function find() on a non-object in [/www/hidef/app/Controller/ContactsController.php, line 9]
2013-01-21 14:32:33 Error: [FatalErrorException] Call to a member function find() on a non-object
#0 /www/hidef/lib/Cake/Error/ErrorHandler.php(161): ErrorHandler::handleFatalError(1, 'Call to a membe...', '/www/hidef/app/...', 9)
#1 [internal function]: ErrorHandler::handleError(1, 'Call to a membe...', '/www/hidef/app/...', 9, Array)
#2 /www/hidef/lib/Cake/Core/App.php(926): call_user_func('ErrorHandler::h...', 1, 'Call to a membe...', '/www/hidef/app/...', 9, Array)
#3 /www/hidef/lib/Cake/Core/App.php(899): App::_checkFatalError()
#4 [internal function]: App::shutdown()
#5 {main}
2013-01-21 14:32:46 Error: Fatal Error (1): Call to a member function find() on a non-object in [/www/hidef/app/Controller/ContactsController.php, line 9]
2013-01-21 14:32:46 Error: [FatalErrorException] Call to a member function find() on a non-object
#0 /www/hidef/lib/Cake/Error/ErrorHandler.php(161): ErrorHandler::handleFatalError(1, 'Call to a membe...', '/www/hidef/app/...', 9)
#1 [internal function]: ErrorHandler::handleError(1, 'Call to a membe...', '/www/hidef/app/...', 9, Array)
#2 /www/hidef/lib/Cake/Core/App.php(926): call_user_func('ErrorHandler::h...', 1, 'Call to a membe...', '/www/hidef/app/...', 9, Array)
#3 /www/hidef/lib/Cake/Core/App.php(899): App::_checkFatalError()
#4 [internal function]: App::shutdown()
#5 {main}
2013-01-21 14:34:07 Error: Fatal Error (1): Call to a member function find() on a non-object in [/www/hidef/app/Controller/ContactsController.php, line 9]
2013-01-21 14:34:07 Error: [FatalErrorException] Call to a member function find() on a non-object
#0 /www/hidef/lib/Cake/Error/ErrorHandler.php(161): ErrorHandler::handleFatalError(1, 'Call to a membe...', '/www/hidef/app/...', 9)
#1 [internal function]: ErrorHandler::handleError(1, 'Call to a membe...', '/www/hidef/app/...', 9, Array)
#2 /www/hidef/lib/Cake/Core/App.php(926): call_user_func('ErrorHandler::h...', 1, 'Call to a membe...', '/www/hidef/app/...', 9, Array)
#3 /www/hidef/lib/Cake/Core/App.php(899): App::_checkFatalError()
#4 [internal function]: App::shutdown()
#5 {main}
2013-01-21 14:34:37 Error: Fatal Error (1): Call to a member function find() on a non-object in [/www/hidef/app/Controller/ContactsController.php, line 9]
2013-01-21 14:34:37 Error: [FatalErrorException] Call to a member function find() on a non-object
#0 /www/hidef/lib/Cake/Error/ErrorHandler.php(161): ErrorHandler::handleFatalError(1, 'Call to a membe...', '/www/hidef/app/...', 9)
#1 [internal function]: ErrorHandler::handleError(1, 'Call to a membe...', '/www/hidef/app/...', 9, Array)
#2 /www/hidef/lib/Cake/Core/App.php(926): call_user_func('ErrorHandler::h...', 1, 'Call to a membe...', '/www/hidef/app/...', 9, Array)
#3 /www/hidef/lib/Cake/Core/App.php(899): App::_checkFatalError()
#4 [internal function]: App::shutdown()
#5 {main}
2013-01-21 14:34:54 Error: Fatal Error (1): Call to a member function find() on a non-object in [/www/hidef/app/Controller/ContactsController.php, line 9]
2013-01-21 14:34:54 Error: [FatalErrorException] Call to a member function find() on a non-object
#0 /www/hidef/lib/Cake/Error/ErrorHandler.php(161): ErrorHandler::handleFatalError(1, 'Call to a membe...', '/www/hidef/app/...', 9)
#1 [internal function]: ErrorHandler::handleError(1, 'Call to a membe...', '/www/hidef/app/...', 9, Array)
#2 /www/hidef/lib/Cake/Core/App.php(926): call_user_func('ErrorHandler::h...', 1, 'Call to a membe...', '/www/hidef/app/...', 9, Array)
#3 /www/hidef/lib/Cake/Core/App.php(899): App::_checkFatalError()
#4 [internal function]: App::shutdown()
#5 {main}
2013-01-21 14:36:33 Error: Fatal Error (1): Call to a member function find() on a non-object in [/www/hidef/app/Controller/ContactsController.php, line 9]
2013-01-21 14:36:33 Error: [FatalErrorException] Call to a member function find() on a non-object
#0 /www/hidef/lib/Cake/Error/ErrorHandler.php(161): ErrorHandler::handleFatalError(1, 'Call to a membe...', '/www/hidef/app/...', 9)
#1 [internal function]: ErrorHandler::handleError(1, 'Call to a membe...', '/www/hidef/app/...', 9, Array)
#2 /www/hidef/lib/Cake/Core/App.php(926): call_user_func('ErrorHandler::h...', 1, 'Call to a membe...', '/www/hidef/app/...', 9, Array)
#3 /www/hidef/lib/Cake/Core/App.php(899): App::_checkFatalError()
#4 [internal function]: App::shutdown()
#5 {main}
2013-01-21 14:36:34 Error: Fatal Error (1): Call to a member function find() on a non-object in [/www/hidef/app/Controller/ContactsController.php, line 9]
2013-01-21 14:36:34 Error: [FatalErrorException] Call to a member function find() on a non-object
#0 /www/hidef/lib/Cake/Error/ErrorHandler.php(161): ErrorHandler::handleFatalError(1, 'Call to a membe...', '/www/hidef/app/...', 9)
#1 [internal function]: ErrorHandler::handleError(1, 'Call to a membe...', '/www/hidef/app/...', 9, Array)
#2 /www/hidef/lib/Cake/Core/App.php(926): call_user_func('ErrorHandler::h...', 1, 'Call to a membe...', '/www/hidef/app/...', 9, Array)
#3 /www/hidef/lib/Cake/Core/App.php(899): App::_checkFatalError()
#4 [internal function]: App::shutdown()
#5 {main}
2013-01-21 14:36:43 Error: Fatal Error (1): Call to a member function find() on a non-object in [/www/hidef/app/Controller/ContactsController.php, line 9]
2013-01-21 14:36:43 Error: [FatalErrorException] Call to a member function find() on a non-object
#0 /www/hidef/lib/Cake/Error/ErrorHandler.php(161): ErrorHandler::handleFatalError(1, 'Call to a membe...', '/www/hidef/app/...', 9)
#1 [internal function]: ErrorHandler::handleError(1, 'Call to a membe...', '/www/hidef/app/...', 9, Array)
#2 /www/hidef/lib/Cake/Core/App.php(926): call_user_func('ErrorHandler::h...', 1, 'Call to a membe...', '/www/hidef/app/...', 9, Array)
#3 /www/hidef/lib/Cake/Core/App.php(899): App::_checkFatalError()
#4 [internal function]: App::shutdown()
#5 {main}
2013-01-21 14:36:48 Error: Fatal Error (1): Call to a member function find() on a non-object in [/www/hidef/app/Controller/ContactsController.php, line 9]
2013-01-21 14:36:48 Error: [FatalErrorException] Call to a member function find() on a non-object
#0 /www/hidef/lib/Cake/Error/ErrorHandler.php(161): ErrorHandler::handleFatalError(1, 'Call to a membe...', '/www/hidef/app/...', 9)
#1 [internal function]: ErrorHandler::handleError(1, 'Call to a membe...', '/www/hidef/app/...', 9, Array)
#2 /www/hidef/lib/Cake/Core/App.php(926): call_user_func('ErrorHandler::h...', 1, 'Call to a membe...', '/www/hidef/app/...', 9, Array)
#3 /www/hidef/lib/Cake/Core/App.php(899): App::_checkFatalError()
#4 [internal function]: App::shutdown()
#5 {main}
2013-01-21 14:36:48 Error: Fatal Error (1): Call to a member function find() on a non-object in [/www/hidef/app/Controller/ContactsController.php, line 9]
2013-01-21 14:36:48 Error: [FatalErrorException] Call to a member function find() on a non-object
#0 /www/hidef/lib/Cake/Error/ErrorHandler.php(161): ErrorHandler::handleFatalError(1, 'Call to a membe...', '/www/hidef/app/...', 9)
#1 [internal function]: ErrorHandler::handleError(1, 'Call to a membe...', '/www/hidef/app/...', 9, Array)
#2 /www/hidef/lib/Cake/Core/App.php(926): call_user_func('ErrorHandler::h...', 1, 'Call to a membe...', '/www/hidef/app/...', 9, Array)
#3 /www/hidef/lib/Cake/Core/App.php(899): App::_checkFatalError()
#4 [internal function]: App::shutdown()
#5 {main}
2013-01-21 14:36:49 Error: Fatal Error (1): Call to a member function find() on a non-object in [/www/hidef/app/Controller/ContactsController.php, line 9]
2013-01-21 14:36:49 Error: [FatalErrorException] Call to a member function find() on a non-object
#0 /www/hidef/lib/Cake/Error/ErrorHandler.php(161): ErrorHandler::handleFatalError(1, 'Call to a membe...', '/www/hidef/app/...', 9)
#1 [internal function]: ErrorHandler::handleError(1, 'Call to a membe...', '/www/hidef/app/...', 9, Array)
#2 /www/hidef/lib/Cake/Core/App.php(926): call_user_func('ErrorHandler::h...', 1, 'Call to a membe...', '/www/hidef/app/...', 9, Array)
#3 /www/hidef/lib/Cake/Core/App.php(899): App::_checkFatalError()
#4 [internal function]: App::shutdown()
#5 {main}
2013-01-21 14:36:53 Error: Fatal Error (1): Call to a member function find() on a non-object in [/www/hidef/app/Controller/ContactsController.php, line 9]
2013-01-21 14:36:53 Error: [FatalErrorException] Call to a member function find() on a non-object
#0 /www/hidef/lib/Cake/Error/ErrorHandler.php(161): ErrorHandler::handleFatalError(1, 'Call to a membe...', '/www/hidef/app/...', 9)
#1 [internal function]: ErrorHandler::handleError(1, 'Call to a membe...', '/www/hidef/app/...', 9, Array)
#2 /www/hidef/lib/Cake/Core/App.php(926): call_user_func('ErrorHandler::h...', 1, 'Call to a membe...', '/www/hidef/app/...', 9, Array)
#3 /www/hidef/lib/Cake/Core/App.php(899): App::_checkFatalError()
#4 [internal function]: App::shutdown()
#5 {main}
2013-01-21 14:37:01 Error: Fatal Error (1): Call to a member function find() on a non-object in [/www/hidef/app/Controller/ContactsController.php, line 8]
2013-01-21 14:37:01 Error: [FatalErrorException] Call to a member function find() on a non-object
#0 /www/hidef/lib/Cake/Error/ErrorHandler.php(161): ErrorHandler::handleFatalError(1, 'Call to a membe...', '/www/hidef/app/...', 8)
#1 [internal function]: ErrorHandler::handleError(1, 'Call to a membe...', '/www/hidef/app/...', 8, Array)
#2 /www/hidef/lib/Cake/Core/App.php(926): call_user_func('ErrorHandler::h...', 1, 'Call to a membe...', '/www/hidef/app/...', 8, Array)
#3 /www/hidef/lib/Cake/Core/App.php(899): App::_checkFatalError()
#4 [internal function]: App::shutdown()
#5 {main}
2013-01-21 14:37:02 Error: Fatal Error (1): Call to a member function find() on a non-object in [/www/hidef/app/Controller/ContactsController.php, line 8]
2013-01-21 14:37:02 Error: [FatalErrorException] Call to a member function find() on a non-object
#0 /www/hidef/lib/Cake/Error/ErrorHandler.php(161): ErrorHandler::handleFatalError(1, 'Call to a membe...', '/www/hidef/app/...', 8)
#1 [internal function]: ErrorHandler::handleError(1, 'Call to a membe...', '/www/hidef/app/...', 8, Array)
#2 /www/hidef/lib/Cake/Core/App.php(926): call_user_func('ErrorHandler::h...', 1, 'Call to a membe...', '/www/hidef/app/...', 8, Array)
#3 /www/hidef/lib/Cake/Core/App.php(899): App::_checkFatalError()
#4 [internal function]: App::shutdown()
#5 {main}
2013-01-21 14:37:39 Error: Fatal Error (1): Call to a member function find() on a non-object in [/www/hidef/app/Controller/ContactsController.php, line 8]
2013-01-21 14:37:39 Error: [FatalErrorException] Call to a member function find() on a non-object
#0 /www/hidef/lib/Cake/Error/ErrorHandler.php(161): ErrorHandler::handleFatalError(1, 'Call to a membe...', '/www/hidef/app/...', 8)
#1 [internal function]: ErrorHandler::handleError(1, 'Call to a membe...', '/www/hidef/app/...', 8, Array)
#2 /www/hidef/lib/Cake/Core/App.php(926): call_user_func('ErrorHandler::h...', 1, 'Call to a membe...', '/www/hidef/app/...', 8, Array)
#3 /www/hidef/lib/Cake/Core/App.php(899): App::_checkFatalError()
#4 [internal function]: App::shutdown()
#5 {main}
2013-01-21 14:37:40 Error: Fatal Error (1): Call to a member function find() on a non-object in [/www/hidef/app/Controller/ContactsController.php, line 8]
2013-01-21 14:37:40 Error: [FatalErrorException] Call to a member function find() on a non-object
#0 /www/hidef/lib/Cake/Error/ErrorHandler.php(161): ErrorHandler::handleFatalError(1, 'Call to a membe...', '/www/hidef/app/...', 8)
#1 [internal function]: ErrorHandler::handleError(1, 'Call to a membe...', '/www/hidef/app/...', 8, Array)
#2 /www/hidef/lib/Cake/Core/App.php(926): call_user_func('ErrorHandler::h...', 1, 'Call to a membe...', '/www/hidef/app/...', 8, Array)
#3 /www/hidef/lib/Cake/Core/App.php(899): App::_checkFatalError()
#4 [internal function]: App::shutdown()
#5 {main}
2013-01-21 14:37:52 Error: Fatal Error (1): Call to a member function find() on a non-object in [/www/hidef/app/Controller/ContactsController.php, line 8]
2013-01-21 14:37:52 Error: [FatalErrorException] Call to a member function find() on a non-object
#0 /www/hidef/lib/Cake/Error/ErrorHandler.php(161): ErrorHandler::handleFatalError(1, 'Call to a membe...', '/www/hidef/app/...', 8)
#1 [internal function]: ErrorHandler::handleError(1, 'Call to a membe...', '/www/hidef/app/...', 8, Array)
#2 /www/hidef/lib/Cake/Core/App.php(926): call_user_func('ErrorHandler::h...', 1, 'Call to a membe...', '/www/hidef/app/...', 8, Array)
#3 /www/hidef/lib/Cake/Core/App.php(899): App::_checkFatalError()
#4 [internal function]: App::shutdown()
#5 {main}
2013-01-21 14:37:53 Error: Fatal Error (1): Call to a member function find() on a non-object in [/www/hidef/app/Controller/ContactsController.php, line 8]
2013-01-21 14:37:53 Error: [FatalErrorException] Call to a member function find() on a non-object
#0 /www/hidef/lib/Cake/Error/ErrorHandler.php(161): ErrorHandler::handleFatalError(1, 'Call to a membe...', '/www/hidef/app/...', 8)
#1 [internal function]: ErrorHandler::handleError(1, 'Call to a membe...', '/www/hidef/app/...', 8, Array)
#2 /www/hidef/lib/Cake/Core/App.php(926): call_user_func('ErrorHandler::h...', 1, 'Call to a membe...', '/www/hidef/app/...', 8, Array)
#3 /www/hidef/lib/Cake/Core/App.php(899): App::_checkFatalError()
#4 [internal function]: App::shutdown()
#5 {main}
2013-01-21 14:38:41 Error: Fatal Error (1): Call to a member function find() on a non-object in [/www/hidef/app/Controller/ContactsController.php, line 9]
2013-01-21 14:38:41 Error: [FatalErrorException] Call to a member function find() on a non-object
#0 /www/hidef/lib/Cake/Error/ErrorHandler.php(161): ErrorHandler::handleFatalError(1, 'Call to a membe...', '/www/hidef/app/...', 9)
#1 [internal function]: ErrorHandler::handleError(1, 'Call to a membe...', '/www/hidef/app/...', 9, Array)
#2 /www/hidef/lib/Cake/Core/App.php(926): call_user_func('ErrorHandler::h...', 1, 'Call to a membe...', '/www/hidef/app/...', 9, Array)
#3 /www/hidef/lib/Cake/Core/App.php(899): App::_checkFatalError()
#4 [internal function]: App::shutdown()
#5 {main}
2013-01-21 14:38:42 Error: Fatal Error (1): Call to a member function find() on a non-object in [/www/hidef/app/Controller/ContactsController.php, line 9]
2013-01-21 14:38:42 Error: [FatalErrorException] Call to a member function find() on a non-object
#0 /www/hidef/lib/Cake/Error/ErrorHandler.php(161): ErrorHandler::handleFatalError(1, 'Call to a membe...', '/www/hidef/app/...', 9)
#1 [internal function]: ErrorHandler::handleError(1, 'Call to a membe...', '/www/hidef/app/...', 9, Array)
#2 /www/hidef/lib/Cake/Core/App.php(926): call_user_func('ErrorHandler::h...', 1, 'Call to a membe...', '/www/hidef/app/...', 9, Array)
#3 /www/hidef/lib/Cake/Core/App.php(899): App::_checkFatalError()
#4 [internal function]: App::shutdown()
#5 {main}
2013-01-21 14:38:47 Error: Fatal Error (1): Call to a member function find() on a non-object in [/www/hidef/app/Controller/ContactsController.php, line 9]
2013-01-21 14:38:47 Error: [FatalErrorException] Call to a member function find() on a non-object
#0 /www/hidef/lib/Cake/Error/ErrorHandler.php(161): ErrorHandler::handleFatalError(1, 'Call to a membe...', '/www/hidef/app/...', 9)
#1 [internal function]: ErrorHandler::handleError(1, 'Call to a membe...', '/www/hidef/app/...', 9, Array)
#2 /www/hidef/lib/Cake/Core/App.php(926): call_user_func('ErrorHandler::h...', 1, 'Call to a membe...', '/www/hidef/app/...', 9, Array)
#3 /www/hidef/lib/Cake/Core/App.php(899): App::_checkFatalError()
#4 [internal function]: App::shutdown()
#5 {main}
2013-01-21 14:38:48 Error: Fatal Error (1): Call to a member function find() on a non-object in [/www/hidef/app/Controller/ContactsController.php, line 9]
2013-01-21 14:38:48 Error: [FatalErrorException] Call to a member function find() on a non-object
#0 /www/hidef/lib/Cake/Error/ErrorHandler.php(161): ErrorHandler::handleFatalError(1, 'Call to a membe...', '/www/hidef/app/...', 9)
#1 [internal function]: ErrorHandler::handleError(1, 'Call to a membe...', '/www/hidef/app/...', 9, Array)
#2 /www/hidef/lib/Cake/Core/App.php(926): call_user_func('ErrorHandler::h...', 1, 'Call to a membe...', '/www/hidef/app/...', 9, Array)
#3 /www/hidef/lib/Cake/Core/App.php(899): App::_checkFatalError()
#4 [internal function]: App::shutdown()
#5 {main}
2013-01-21 14:43:18 Error: Fatal Error (1): Call to undefined method ContactsController::setFlash() in [/www/hidef/app/Controller/ContactsController.php, line 10]
2013-01-21 14:43:18 Error: [FatalErrorException] Call to undefined method ContactsController::setFlash()
#0 /www/hidef/lib/Cake/Error/ErrorHandler.php(161): ErrorHandler::handleFatalError(1, 'Call to undefin...', '/www/hidef/app/...', 10)
#1 [internal function]: ErrorHandler::handleError(1, 'Call to undefin...', '/www/hidef/app/...', 10, Array)
#2 /www/hidef/lib/Cake/Core/App.php(926): call_user_func('ErrorHandler::h...', 1, 'Call to undefin...', '/www/hidef/app/...', 10, Array)
#3 /www/hidef/lib/Cake/Core/App.php(899): App::_checkFatalError()
#4 [internal function]: App::shutdown()
#5 {main}
2013-01-21 14:54:15 Error: Fatal Error (4): syntax error, unexpected '<' in [/www/hidef/app/View/Contacts/index.ctp, line 3]
2013-01-21 14:54:15 Error: [FatalErrorException] syntax error, unexpected '<'
#0 /www/hidef/lib/Cake/Error/ErrorHandler.php(161): ErrorHandler::handleFatalError(4, 'syntax error, u...', '/www/hidef/app/...', 3)
#1 [internal function]: ErrorHandler::handleError(4, 'syntax error, u...', '/www/hidef/app/...', 3, Array)
#2 /www/hidef/lib/Cake/Core/App.php(926): call_user_func('ErrorHandler::h...', 4, 'syntax error, u...', '/www/hidef/app/...', 3, Array)
#3 /www/hidef/lib/Cake/Core/App.php(899): App::_checkFatalError()
#4 [internal function]: App::shutdown()
#5 {main}
2013-01-21 14:56:06 Error: [MissingControllerException] Controller class CityController could not be found.
#0 /www/hidef/app/webroot/index.php(97): Dispatcher->dispatch(Object(CakeRequest), Object(CakeResponse))
#1 {main}
2013-01-21 14:56:49 Error: [MissingControllerException] Controller class CityController could not be found.
#0 /www/hidef/app/webroot/index.php(97): Dispatcher->dispatch(Object(CakeRequest), Object(CakeResponse))
#1 {main}
2013-01-21 15:05:55 Error: Fatal Error (4): syntax error, unexpected '}' in [/www/hidef/app/Controller/CityController.php, line 8]
2013-01-21 15:05:55 Error: [FatalErrorException] syntax error, unexpected '}'
#0 /www/hidef/lib/Cake/Error/ErrorHandler.php(161): ErrorHandler::handleFatalError(4, 'syntax error, u...', '/www/hidef/app/...', 8)
#1 [internal function]: ErrorHandler::handleError(4, 'syntax error, u...', '/www/hidef/app/...', 8, Array)
#2 /www/hidef/lib/Cake/Core/App.php(926): call_user_func('ErrorHandler::h...', 4, 'syntax error, u...', '/www/hidef/app/...', 8, Array)
#3 /www/hidef/lib/Cake/Core/App.php(899): App::_checkFatalError()
#4 [internal function]: App::shutdown()
#5 {main}
2013-01-21 15:07:10 Error: Fatal Error (4): syntax error, unexpected '}' in [/www/hidef/app/Controller/CityController.php, line 8]
2013-01-21 15:07:10 Error: [FatalErrorException] syntax error, unexpected '}'
#0 /www/hidef/lib/Cake/Error/ErrorHandler.php(161): ErrorHandler::handleFatalError(4, 'syntax error, u...', '/www/hidef/app/...', 8)
#1 [internal function]: ErrorHandler::handleError(4, 'syntax error, u...', '/www/hidef/app/...', 8, Array)
#2 /www/hidef/lib/Cake/Core/App.php(926): call_user_func('ErrorHandler::h...', 4, 'syntax error, u...', '/www/hidef/app/...', 8, Array)
#3 /www/hidef/lib/Cake/Core/App.php(899): App::_checkFatalError()
#4 [internal function]: App::shutdown()
#5 {main}
2013-01-21 15:07:22 Error: Fatal Error (4): syntax error, unexpected '}' in [/www/hidef/app/Controller/CityController.php, line 8]
2013-01-21 15:07:22 Error: [FatalErrorException] syntax error, unexpected '}'
#0 /www/hidef/lib/Cake/Error/ErrorHandler.php(161): ErrorHandler::handleFatalError(4, 'syntax error, u...', '/www/hidef/app/...', 8)
#1 [internal function]: ErrorHandler::handleError(4, 'syntax error, u...', '/www/hidef/app/...', 8, Array)
#2 /www/hidef/lib/Cake/Core/App.php(926): call_user_func('ErrorHandler::h...', 4, 'syntax error, u...', '/www/hidef/app/...', 8, Array)
#3 /www/hidef/lib/Cake/Core/App.php(899): App::_checkFatalError()
#4 [internal function]: App::shutdown()
#5 {main}
2013-01-21 15:07:53 Error: [MissingActionException] Action CityController::2() could not be found.
#0 /www/hidef/lib/Cake/Routing/Dispatcher.php(186): Controller->invokeAction(Object(CakeRequest))
#1 /www/hidef/lib/Cake/Routing/Dispatcher.php(161): Dispatcher->_invoke(Object(CityController), Object(CakeRequest), Object(CakeResponse))
#2 /www/hidef/app/webroot/index.php(97): Dispatcher->dispatch(Object(CakeRequest), Object(CakeResponse))
#3 {main}
2013-01-21 15:08:19 Error: [MissingViewException] View file "/www/hidef/app/View/Pages/2.ctp" is missing.
#0 /www/hidef/lib/Cake/View/View.php(467): View->_getViewFileName('2')
#1 /www/hidef/lib/Cake/Controller/Controller.php(955): View->render('2', NULL)
#2 /www/hidef/app/Controller/PagesController.php(73): Controller->render('2')
#3 [internal function]: PagesController->display('2')
#4 /www/hidef/lib/Cake/Controller/Controller.php(485): ReflectionMethod->invokeArgs(Object(PagesController), Array)
#5 /www/hidef/lib/Cake/Routing/Dispatcher.php(186): Controller->invokeAction(Object(CakeRequest))
#6 /www/hidef/lib/Cake/Routing/Dispatcher.php(161): Dispatcher->_invoke(Object(PagesController), Object(CakeRequest), Object(CakeResponse))
#7 /www/hidef/app/webroot/index.php(97): Dispatcher->dispatch(Object(CakeRequest), Object(CakeResponse))
#8 {main}
2013-01-21 15:08:26 Error: [MissingActionException] Action PagesController::index() could not be found.
#0 /www/hidef/lib/Cake/Routing/Dispatcher.php(186): Controller->invokeAction(Object(CakeRequest))
#1 /www/hidef/lib/Cake/Routing/Dispatcher.php(161): Dispatcher->_invoke(Object(PagesController), Object(CakeRequest), Object(CakeResponse))
#2 /www/hidef/app/webroot/index.php(97): Dispatcher->dispatch(Object(CakeRequest), Object(CakeResponse))
#3 {main}
2013-01-21 15:08:37 Error: [MissingViewException] View file "/www/hidef/app/View/City/index.ctp" is missing.
#0 /www/hidef/lib/Cake/View/View.php(467): View->_getViewFileName(NULL)
#1 /www/hidef/lib/Cake/Controller/Controller.php(955): View->render(NULL, NULL)
#2 /www/hidef/lib/Cake/Routing/Dispatcher.php(193): Controller->render()
#3 /www/hidef/lib/Cake/Routing/Dispatcher.php(161): Dispatcher->_invoke(Object(CityController), Object(CakeRequest), Object(CakeResponse))
#4 /www/hidef/app/webroot/index.php(97): Dispatcher->dispatch(Object(CakeRequest), Object(CakeResponse))
#5 {main}
2013-01-21 15:08:58 Error: [MissingActionException] Action CityController::index() could not be found.
#0 /www/hidef/lib/Cake/Routing/Dispatcher.php(186): Controller->invokeAction(Object(CakeRequest))
#1 /www/hidef/lib/Cake/Routing/Dispatcher.php(161): Dispatcher->_invoke(Object(CityController), Object(CakeRequest), Object(CakeResponse))
#2 /www/hidef/app/webroot/index.php(97): Dispatcher->dispatch(Object(CakeRequest), Object(CakeResponse))
#3 {main}
2013-01-21 15:09:06 Error: [MissingViewException] View file "/www/hidef/app/View/City/index.ctp" is missing.
#0 /www/hidef/lib/Cake/View/View.php(467): View->_getViewFileName(NULL)
#1 /www/hidef/lib/Cake/Controller/Controller.php(955): View->render(NULL, NULL)
#2 /www/hidef/lib/Cake/Routing/Dispatcher.php(193): Controller->render()
#3 /www/hidef/lib/Cake/Routing/Dispatcher.php(161): Dispatcher->_invoke(Object(CityController), Object(CakeRequest), Object(CakeResponse))
#4 /www/hidef/app/webroot/index.php(97): Dispatcher->dispatch(Object(CakeRequest), Object(CakeResponse))
#5 {main}
2013-01-21 15:23:30 Error: Fatal Error (4): syntax error, unexpected T_DOUBLE_ARROW in [/www/hidef/app/Controller/CityController.php, line 7]
2013-01-21 15:23:30 Error: [FatalErrorException] syntax error, unexpected T_DOUBLE_ARROW
#0 /www/hidef/lib/Cake/Error/ErrorHandler.php(161): ErrorHandler::handleFatalError(4, 'syntax error, u...', '/www/hidef/app/...', 7)
#1 [internal function]: ErrorHandler::handleError(4, 'syntax error, u...', '/www/hidef/app/...', 7, Array)
#2 /www/hidef/lib/Cake/Core/App.php(926): call_user_func('ErrorHandler::h...', 4, 'syntax error, u...', '/www/hidef/app/...', 7, Array)
#3 /www/hidef/lib/Cake/Core/App.php(899): App::_checkFatalError()
#4 [internal function]: App::shutdown()
#5 {main}
2013-01-21 15:23:46 Error: Fatal Error (4): syntax error, unexpected T_DOUBLE_ARROW in [/www/hidef/app/Controller/CityController.php, line 7]
2013-01-21 15:23:46 Error: [FatalErrorException] syntax error, unexpected T_DOUBLE_ARROW
#0 /www/hidef/lib/Cake/Error/ErrorHandler.php(161): ErrorHandler::handleFatalError(4, 'syntax error, u...', '/www/hidef/app/...', 7)
#1 [internal function]: ErrorHandler::handleError(4, 'syntax error, u...', '/www/hidef/app/...', 7, Array)
#2 /www/hidef/lib/Cake/Core/App.php(926): call_user_func('ErrorHandler::h...', 4, 'syntax error, u...', '/www/hidef/app/...', 7, Array)
#3 /www/hidef/lib/Cake/Core/App.php(899): App::_checkFatalError()
#4 [internal function]: App::shutdown()
#5 {main}
2013-01-21 15:23:47 Error: Fatal Error (4): syntax error, unexpected T_DOUBLE_ARROW in [/www/hidef/app/Controller/CityController.php, line 7]
2013-01-21 15:23:47 Error: [FatalErrorException] syntax error, unexpected T_DOUBLE_ARROW
#0 /www/hidef/lib/Cake/Error/ErrorHandler.php(161): ErrorHandler::handleFatalError(4, 'syntax error, u...', '/www/hidef/app/...', 7)
#1 [internal function]: ErrorHandler::handleError(4, 'syntax error, u...', '/www/hidef/app/...', 7, Array)
#2 /www/hidef/lib/Cake/Core/App.php(926): call_user_func('ErrorHandler::h...', 4, 'syntax error, u...', '/www/hidef/app/...', 7, Array)
#3 /www/hidef/lib/Cake/Core/App.php(899): App::_checkFatalError()
#4 [internal function]: App::shutdown()
#5 {main}
2013-01-21 15:29:32 Error: [MissingActionException] Action StateController::2() could not be found.
#0 /www/hidef/lib/Cake/Routing/Dispatcher.php(186): Controller->invokeAction(Object(CakeRequest))
#1 /www/hidef/lib/Cake/Routing/Dispatcher.php(161): Dispatcher->_invoke(Object(StateController), Object(CakeRequest), Object(CakeResponse))
#2 /www/hidef/app/webroot/index.php(97): Dispatcher->dispatch(Object(CakeRequest), Object(CakeResponse))
#3 {main}
2013-01-21 15:30:21 Error: [MissingViewException] View file "/www/hidef/app/View/State/index.ctp" is missing.
#0 /www/hidef/lib/Cake/View/View.php(467): View->_getViewFileName(NULL)
#1 /www/hidef/lib/Cake/Controller/Controller.php(955): View->render(NULL, NULL)
#2 /www/hidef/lib/Cake/Routing/Dispatcher.php(193): Controller->render()
#3 /www/hidef/lib/Cake/Routing/Dispatcher.php(161): Dispatcher->_invoke(Object(StateController), Object(CakeRequest), Object(CakeResponse))
#4 /www/hidef/app/webroot/index.php(97): Dispatcher->dispatch(Object(CakeRequest), Object(CakeResponse))
#5 {main}
2013-01-21 15:31:03 Error: [MissingViewException] View file "/www/hidef/app/View/State/index.ctp" is missing.
#0 /www/hidef/lib/Cake/View/View.php(467): View->_getViewFileName(NULL)
#1 /www/hidef/lib/Cake/Controller/Controller.php(955): View->render(NULL, NULL)
#2 /www/hidef/lib/Cake/Routing/Dispatcher.php(193): Controller->render()
#3 /www/hidef/lib/Cake/Routing/Dispatcher.php(161): Dispatcher->_invoke(Object(StateController), Object(CakeRequest), Object(CakeResponse))
#4 /www/hidef/app/webroot/index.php(97): Dispatcher->dispatch(Object(CakeRequest), Object(CakeResponse))
#5 {main}
2013-01-21 15:31:04 Error: [MissingViewException] View file "/www/hidef/app/View/State/index.ctp" is missing.
#0 /www/hidef/lib/Cake/View/View.php(467): View->_getViewFileName(NULL)
#1 /www/hidef/lib/Cake/Controller/Controller.php(955): View->render(NULL, NULL)
#2 /www/hidef/lib/Cake/Routing/Dispatcher.php(193): Controller->render()
#3 /www/hidef/lib/Cake/Routing/Dispatcher.php(161): Dispatcher->_invoke(Object(StateController), Object(CakeRequest), Object(CakeResponse))
#4 /www/hidef/app/webroot/index.php(97): Dispatcher->dispatch(Object(CakeRequest), Object(CakeResponse))
#5 {main}
2013-01-21 18:17:37 Error: [MissingViewException] View file "/www/hidef/app/View/Contacts/add.ctp" is missing.
#0 /www/hidef/lib/Cake/View/View.php(467): View->_getViewFileName(NULL)
#1 /www/hidef/lib/Cake/Controller/Controller.php(955): View->render(NULL, NULL)
#2 /www/hidef/lib/Cake/Routing/Dispatcher.php(193): Controller->render()
#3 /www/hidef/lib/Cake/Routing/Dispatcher.php(161): Dispatcher->_invoke(Object(ContactsController), Object(CakeRequest), Object(CakeResponse))
#4 /www/hidef/app/webroot/index.php(97): Dispatcher->dispatch(Object(CakeRequest), Object(CakeResponse))
#5 {main}
2013-01-21 22:04:39 Error: Fatal Error (4): syntax error, unexpected T_CONSTANT_ENCAPSED_STRING, expecting ')' in [/www/hidef/app/Model/Contact.php, line 7]
2013-01-21 22:04:39 Error: [FatalErrorException] syntax error, unexpected T_CONSTANT_ENCAPSED_STRING, expecting ')'
#0 /www/hidef/lib/Cake/Error/ErrorHandler.php(161): ErrorHandler::handleFatalError(4, 'syntax error, u...', '/www/hidef/app/...', 7)
#1 [internal function]: ErrorHandler::handleError(4, 'syntax error, u...', '/www/hidef/app/...', 7, Array)
#2 /www/hidef/lib/Cake/Core/App.php(926): call_user_func('ErrorHandler::h...', 4, 'syntax error, u...', '/www/hidef/app/...', 7, Array)
#3 /www/hidef/lib/Cake/Core/App.php(899): App::_checkFatalError()
#4 [internal function]: App::shutdown()
#5 {main}
2013-01-21 22:05:07 Error: Fatal Error (1): Call to a member function create() on a non-object in [/www/hidef/app/Controller/ContactsController.php, line 24]
2013-01-21 22:05:07 Error: [FatalErrorException] Call to a member function create() on a non-object
#0 /www/hidef/lib/Cake/Error/ErrorHandler.php(161): ErrorHandler::handleFatalError(1, 'Call to a membe...', '/www/hidef/app/...', 24)
#1 [internal function]: ErrorHandler::handleError(1, 'Call to a membe...', '/www/hidef/app/...', 24, Array)
#2 /www/hidef/lib/Cake/Core/App.php(926): call_user_func('ErrorHandler::h...', 1, 'Call to a membe...', '/www/hidef/app/...', 24, Array)
#3 /www/hidef/lib/Cake/Core/App.php(899): App::_checkFatalError()
#4 [internal function]: App::shutdown()
#5 {main}
2013-01-21 22:05:29 Error: Fatal Error (1): Call to a member function create() on a non-object in [/www/hidef/app/Controller/ContactsController.php, line 24]
2013-01-21 22:05:29 Error: [FatalErrorException] Call to a member function create() on a non-object
#0 /www/hidef/lib/Cake/Error/ErrorHandler.php(161): ErrorHandler::handleFatalError(1, 'Call to a membe...', '/www/hidef/app/...', 24)
#1 [internal function]: ErrorHandler::handleError(1, 'Call to a membe...', '/www/hidef/app/...', 24, Array)
#2 /www/hidef/lib/Cake/Core/App.php(926): call_user_func('ErrorHandler::h...', 1, 'Call to a membe...', '/www/hidef/app/...', 24, Array)
#3 /www/hidef/lib/Cake/Core/App.php(899): App::_checkFatalError()
#4 [internal function]: App::shutdown()
#5 {main}
2013-01-21 22:19:08 Error: [PDOException] SQLSTATE[HY000]: General error: 1 near "validate": syntax error
#0 /www/hidef/lib/Cake/Model/Datasource/DboSource.php(457): PDO->prepare('validate', Array)
#1 /www/hidef/lib/Cake/Model/Datasource/DboSource.php(425): DboSource->_execute('validate', Array)
#2 /www/hidef/lib/Cake/Model/Datasource/DboSource.php(669): DboSource->execute('validate', Array, Array)
#3 /www/hidef/lib/Cake/Model/Datasource/DboSource.php(611): DboSource->fetchAll('validate', Array, Array)
#4 /www/hidef/lib/Cake/Model/Model.php(799): DboSource->query('validate', Array, Object(Contact))
#5 /www/hidef/app/Controller/ContactsController.php(25): Model->__call('validate', Array)
#6 /www/hidef/app/Controller/ContactsController.php(25): Contact->validate()
#7 [internal function]: ContactsController->add()
#8 /www/hidef/lib/Cake/Controller/Controller.php(485): ReflectionMethod->invokeArgs(Object(ContactsController), Array)
#9 /www/hidef/lib/Cake/Routing/Dispatcher.php(186): Controller->invokeAction(Object(CakeRequest))
#10 /www/hidef/lib/Cake/Routing/Dispatcher.php(161): Dispatcher->_invoke(Object(ContactsController), Object(CakeRequest), Object(CakeResponse))
#11 /www/hidef/app/webroot/index.php(97): Dispatcher->dispatch(Object(CakeRequest), Object(CakeResponse))
#12 {main}
2013-01-21 22:21:19 Error: [MissingViewException] View file "/www/hidef/app/View/Contacts/add.ctp" is missing.
#0 /www/hidef/lib/Cake/View/View.php(467): View->_getViewFileName(NULL)
#1 /www/hidef/lib/Cake/Controller/Controller.php(955): View->render(NULL, NULL)
#2 /www/hidef/lib/Cake/Routing/Dispatcher.php(193): Controller->render()
#3 /www/hidef/lib/Cake/Routing/Dispatcher.php(161): Dispatcher->_invoke(Object(ContactsController), Object(CakeRequest), Object(CakeResponse))
#4 /www/hidef/app/webroot/index.php(97): Dispatcher->dispatch(Object(CakeRequest), Object(CakeResponse))
#5 {main}
2013-01-21 22:22:30 Error: [MissingViewException] View file "/www/hidef/app/View/Contacts/add.ctp" is missing.
#0 /www/hidef/lib/Cake/View/View.php(467): View->_getViewFileName(NULL)
#1 /www/hidef/lib/Cake/Controller/Controller.php(955): View->render(NULL, NULL)
#2 /www/hidef/lib/Cake/Routing/Dispatcher.php(193): Controller->render()
#3 /www/hidef/lib/Cake/Routing/Dispatcher.php(161): Dispatcher->_invoke(Object(ContactsController), Object(CakeRequest), Object(CakeResponse))
#4 /www/hidef/app/webroot/index.php(97): Dispatcher->dispatch(Object(CakeRequest), Object(CakeResponse))
#5 {main}
2013-01-21 22:24:18 Error: Fatal Error (1): Call to a member function invalidFields() on a non-object in [/www/hidef/app/Controller/ContactsController.php, line 36]
2013-01-21 22:24:18 Error: [FatalErrorException] Call to a member function invalidFields() on a non-object
#0 /www/hidef/lib/Cake/Error/ErrorHandler.php(161): ErrorHandler::handleFatalError(1, 'Call to a membe...', '/www/hidef/app/...', 36)
#1 [internal function]: ErrorHandler::handleError(1, 'Call to a membe...', '/www/hidef/app/...', 36, Array)
#2 /www/hidef/lib/Cake/Core/App.php(926): call_user_func('ErrorHandler::h...', 1, 'Call to a membe...', '/www/hidef/app/...', 36, Array)
#3 /www/hidef/lib/Cake/Core/App.php(899): App::_checkFatalError()
#4 [internal function]: App::shutdown()
#5 {main}
2013-01-21 22:37:54 Error: [PDOException] SQLSTATE[23000]: Integrity constraint violation: 19 contacts.zip may not be NULL
#0 /www/hidef/lib/Cake/Model/Datasource/DboSource.php(459): PDOStatement->execute(Array)
#1 /www/hidef/lib/Cake/Model/Datasource/DboSource.php(425): DboSource->_execute('INSERT INTO "ma...', Array)
#2 /www/hidef/lib/Cake/Model/Datasource/DboSource.php(1007): DboSource->execute('INSERT INTO "ma...')
#3 /www/hidef/lib/Cake/Model/Model.php(1734): DboSource->create(Object(Contact), Array, Array)
#4 /www/hidef/app/Controller/ContactsController.php(26): Model->save(Array)
#5 [internal function]: ContactsController->add()
#6 /www/hidef/lib/Cake/Controller/Controller.php(485): ReflectionMethod->invokeArgs(Object(ContactsController), Array)
#7 /www/hidef/lib/Cake/Routing/Dispatcher.php(186): Controller->invokeAction(Object(CakeRequest))
#8 /www/hidef/lib/Cake/Routing/Dispatcher.php(161): Dispatcher->_invoke(Object(ContactsController), Object(CakeRequest), Object(CakeResponse))
#9 /www/hidef/app/webroot/index.php(97): Dispatcher->dispatch(Object(CakeRequest), Object(CakeResponse))
#10 {main}
2013-01-21 22:43:24 Error: Fatal Error (4): syntax error, unexpected '=', expecting ')' in [/www/hidef/app/Controller/ContactsController.php, line 20]
2013-01-21 22:43:24 Error: [FatalErrorException] syntax error, unexpected '=', expecting ')'
#0 /www/hidef/lib/Cake/Error/ErrorHandler.php(161): ErrorHandler::handleFatalError(4, 'syntax error, u...', '/www/hidef/app/...', 20)
#1 [internal function]: ErrorHandler::handleError(4, 'syntax error, u...', '/www/hidef/app/...', 20, Array)
#2 /www/hidef/lib/Cake/Core/App.php(926): call_user_func('ErrorHandler::h...', 4, 'syntax error, u...', '/www/hidef/app/...', 20, Array)
#3 /www/hidef/lib/Cake/Core/App.php(899): App::_checkFatalError()
#4 [internal function]: App::shutdown()
#5 {main}
2013-01-21 22:43:36 Error: Fatal Error (4): syntax error, unexpected T_IF in [/www/hidef/app/Controller/ContactsController.php, line 24]
2013-01-21 22:43:36 Error: [FatalErrorException] syntax error, unexpected T_IF
#0 /www/hidef/lib/Cake/Error/ErrorHandler.php(161): ErrorHandler::handleFatalError(4, 'syntax error, u...', '/www/hidef/app/...', 24)
#1 [internal function]: ErrorHandler::handleError(4, 'syntax error, u...', '/www/hidef/app/...', 24, Array)
#2 /www/hidef/lib/Cake/Core/App.php(926): call_user_func('ErrorHandler::h...', 4, 'syntax error, u...', '/www/hidef/app/...', 24, Array)
#3 /www/hidef/lib/Cake/Core/App.php(899): App::_checkFatalError()
#4 [internal function]: App::shutdown()
#5 {main}
2013-01-21 22:46:33 Error: Fatal Error (1): Call to a member function toArray() on a non-object in [/www/hidef/app/Controller/ContactsController.php, line 34]
2013-01-21 22:46:33 Error: [FatalErrorException] Call to a member function toArray() on a non-object
#0 /www/hidef/lib/Cake/Error/ErrorHandler.php(161): ErrorHandler::handleFatalError(1, 'Call to a membe...', '/www/hidef/app/...', 34)
#1 [internal function]: ErrorHandler::handleError(1, 'Call to a membe...', '/www/hidef/app/...', 34, Array)
#2 /www/hidef/lib/Cake/Core/App.php(926): call_user_func('ErrorHandler::h...', 1, 'Call to a membe...', '/www/hidef/app/...', 34, Array)
#3 /www/hidef/lib/Cake/Core/App.php(899): App::_checkFatalError()
#4 [internal function]: App::shutdown()
#5 {main}
2013-01-21 22:46:46 Error: Fatal Error (1): Call to a member function array() on a non-object in [/www/hidef/app/Controller/ContactsController.php, line 34]
2013-01-21 22:46:46 Error: [FatalErrorException] Call to a member function array() on a non-object
#0 /www/hidef/lib/Cake/Error/ErrorHandler.php(161): ErrorHandler::handleFatalError(1, 'Call to a membe...', '/www/hidef/app/...', 34)
#1 [internal function]: ErrorHandler::handleError(1, 'Call to a membe...', '/www/hidef/app/...', 34, Array)
#2 /www/hidef/lib/Cake/Core/App.php(926): call_user_func('ErrorHandler::h...', 1, 'Call to a membe...', '/www/hidef/app/...', 34, Array)
#3 /www/hidef/lib/Cake/Core/App.php(899): App::_checkFatalError()
#4 [internal function]: App::shutdown()
#5 {main}
2013-01-21 22:46:54 Error: Fatal Error (1): Call to a member function to_array() on a non-object in [/www/hidef/app/Controller/ContactsController.php, line 34]
2013-01-21 22:46:54 Error: [FatalErrorException] Call to a member function to_array() on a non-object
#0 /www/hidef/lib/Cake/Error/ErrorHandler.php(161): ErrorHandler::handleFatalError(1, 'Call to a membe...', '/www/hidef/app/...', 34)
#1 [internal function]: ErrorHandler::handleError(1, 'Call to a membe...', '/www/hidef/app/...', 34, Array)
#2 /www/hidef/lib/Cake/Core/App.php(926): call_user_func('ErrorHandler::h...', 1, 'Call to a membe...', '/www/hidef/app/...', 34, Array)
#3 /www/hidef/lib/Cake/Core/App.php(899): App::_checkFatalError()
#4 [internal function]: App::shutdown()
#5 {main}
2013-01-21 22:47:41 Error: [PDOException] SQLSTATE[HY000]: General error: 1 near "to_array": syntax error
#0 /www/hidef/lib/Cake/Model/Datasource/DboSource.php(457): PDO->prepare('to_array', Array)
#1 /www/hidef/lib/Cake/Model/Datasource/DboSource.php(425): DboSource->_execute('to_array', Array)
#2 /www/hidef/lib/Cake/Model/Datasource/DboSource.php(669): DboSource->execute('to_array', Array, Array)
#3 /www/hidef/lib/Cake/Model/Datasource/DboSource.php(611): DboSource->fetchAll('to_array', Array, Array)
#4 /www/hidef/lib/Cake/Model/Model.php(799): DboSource->query('to_array', Array, Object(Contact))
#5 /www/hidef/app/Controller/ContactsController.php(29): Model->__call('to_array', Array)
#6 /www/hidef/app/Controller/ContactsController.php(29): Contact->to_array()
#7 [internal function]: ContactsController->add()
#8 /www/hidef/lib/Cake/Controller/Controller.php(485): ReflectionMethod->invokeArgs(Object(ContactsController), Array)
#9 /www/hidef/lib/Cake/Routing/Dispatcher.php(186): Controller->invokeAction(Object(CakeRequest))
#10 /www/hidef/lib/Cake/Routing/Dispatcher.php(161): Dispatcher->_invoke(Object(ContactsController), Object(CakeRequest), Object(CakeResponse))
#11 /www/hidef/app/webroot/index.php(97): Dispatcher->dispatch(Object(CakeRequest), Object(CakeResponse))
#12 {main}
2013-01-21 22:49:45 Error: [PDOException] SQLSTATE[HY000]: General error: 1 near "toArray": syntax error
#0 /www/hidef/lib/Cake/Model/Datasource/DboSource.php(457): PDO->prepare('toArray', Array)
#1 /www/hidef/lib/Cake/Model/Datasource/DboSource.php(425): DboSource->_execute('toArray', Array)
#2 /www/hidef/lib/Cake/Model/Datasource/DboSource.php(669): DboSource->execute('toArray', Array, Array)
#3 /www/hidef/lib/Cake/Model/Datasource/DboSource.php(611): DboSource->fetchAll('toArray', Array, Array)
#4 /www/hidef/lib/Cake/Model/Model.php(799): DboSource->query('toArray', Array, Object(Contact))
#5 /www/hidef/app/Controller/ContactsController.php(29): Model->__call('toArray', Array)
#6 /www/hidef/app/Controller/ContactsController.php(29): Contact->toArray()
#7 [internal function]: ContactsController->add()
#8 /www/hidef/lib/Cake/Controller/Controller.php(485): ReflectionMethod->invokeArgs(Object(ContactsController), Array)
#9 /www/hidef/lib/Cake/Routing/Dispatcher.php(186): Controller->invokeAction(Object(CakeRequest))
#10 /www/hidef/lib/Cake/Routing/Dispatcher.php(161): Dispatcher->_invoke(Object(ContactsController), Object(CakeRequest), Object(CakeResponse))
#11 /www/hidef/app/webroot/index.php(97): Dispatcher->dispatch(Object(CakeRequest), Object(CakeResponse))
#12 {main}
2013-01-21 22:49:52 Error: [PDOException] SQLSTATE[HY000]: General error: 1 near "ToArray": syntax error
#0 /www/hidef/lib/Cake/Model/Datasource/DboSource.php(457): PDO->prepare('ToArray', Array)
#1 /www/hidef/lib/Cake/Model/Datasource/DboSource.php(425): DboSource->_execute('ToArray', Array)
#2 /www/hidef/lib/Cake/Model/Datasource/DboSource.php(669): DboSource->execute('ToArray', Array, Array)
#3 /www/hidef/lib/Cake/Model/Datasource/DboSource.php(611): DboSource->fetchAll('ToArray', Array, Array)
#4 /www/hidef/lib/Cake/Model/Model.php(799): DboSource->query('ToArray', Array, Object(Contact))
#5 /www/hidef/app/Controller/ContactsController.php(29): Model->__call('ToArray', Array)
#6 /www/hidef/app/Controller/ContactsController.php(29): Contact->ToArray()
#7 [internal function]: ContactsController->add()
#8 /www/hidef/lib/Cake/Controller/Controller.php(485): ReflectionMethod->invokeArgs(Object(ContactsController), Array)
#9 /www/hidef/lib/Cake/Routing/Dispatcher.php(186): Controller->invokeAction(Object(CakeRequest))
#10 /www/hidef/lib/Cake/Routing/Dispatcher.php(161): Dispatcher->_invoke(Object(ContactsController), Object(CakeRequest), Object(CakeResponse))
#11 /www/hidef/app/webroot/index.php(97): Dispatcher->dispatch(Object(CakeRequest), Object(CakeResponse))
#12 {main}
2013-01-21 22:55:10 Error: [PDOException] SQLSTATE[HY000]: General error: 1 no such column: Contact.state_id
#0 /www/hidef/lib/Cake/Model/Datasource/DboSource.php(457): PDO->prepare('SELECT "Contact...', Array)
#1 /www/hidef/lib/Cake/Model/Datasource/DboSource.php(425): DboSource->_execute('SELECT "Contact...', Array)
#2 /www/hidef/lib/Cake/Model/Datasource/DboSource.php(669): DboSource->execute('SELECT "Contact...', Array, Array)
#3 /www/hidef/lib/Cake/Model/Datasource/DboSource.php(1080): DboSource->fetchAll('SELECT "Contact...', false)
#4 /www/hidef/lib/Cake/Model/Model.php(2674): DboSource->read(Object(Contact), Array)
#5 /www/hidef/app/Controller/ContactsController.php(16): Model->find('all', Array)
#6 [internal function]: ContactsController->index('home')
#7 /www/hidef/lib/Cake/Controller/Controller.php(485): ReflectionMethod->invokeArgs(Object(ContactsController), Array)
#8 /www/hidef/lib/Cake/Routing/Dispatcher.php(186): Controller->invokeAction(Object(CakeRequest))
#9 /www/hidef/lib/Cake/Routing/Dispatcher.php(161): Dispatcher->_invoke(Object(ContactsController), Object(CakeRequest), Object(CakeResponse))
#10 /www/hidef/app/webroot/index.php(97): Dispatcher->dispatch(Object(CakeRequest), Object(CakeResponse))
#11 {main}
2013-01-21 23:14:23 Error: Fatal Error (4): syntax error, unexpected T_DOUBLE_ARROW in [/www/hidef/app/Controller/ContactsController.php, line 28]
2013-01-21 23:14:23 Error: [FatalErrorException] syntax error, unexpected T_DOUBLE_ARROW
#0 /www/hidef/lib/Cake/Error/ErrorHandler.php(161): ErrorHandler::handleFatalError(4, 'syntax error, u...', '/www/hidef/app/...', 28)
#1 [internal function]: ErrorHandler::handleError(4, 'syntax error, u...', '/www/hidef/app/...', 28, Array)
#2 /www/hidef/lib/Cake/Core/App.php(926): call_user_func('ErrorHandler::h...', 4, 'syntax error, u...', '/www/hidef/app/...', 28, Array)
#3 /www/hidef/lib/Cake/Core/App.php(899): App::_checkFatalError()
#4 [internal function]: App::shutdown()
#5 {main}
2013-01-21 23:14:50 Error: Fatal Error (4): syntax error, unexpected '{' in [/www/hidef/app/Controller/ContactsController.php, line 32]
2013-01-21 23:14:50 Error: [FatalErrorException] syntax error, unexpected '{'
#0 /www/hidef/lib/Cake/Error/ErrorHandler.php(161): ErrorHandler::handleFatalError(4, 'syntax error, u...', '/www/hidef/app/...', 32)
#1 [internal function]: ErrorHandler::handleError(4, 'syntax error, u...', '/www/hidef/app/...', 32, Array)
#2 /www/hidef/lib/Cake/Core/App.php(926): call_user_func('ErrorHandler::h...', 4, 'syntax error, u...', '/www/hidef/app/...', 32, Array)
#3 /www/hidef/lib/Cake/Core/App.php(899): App::_checkFatalError()
#4 [internal function]: App::shutdown()
#5 {main}
2013-01-21 23:17:42 Error: Fatal Error (4): syntax error, unexpected '{' in [/www/hidef/app/Controller/ContactsController.php, line 26]
2013-01-21 23:17:42 Error: [FatalErrorException] syntax error, unexpected '{'
#0 /www/hidef/lib/Cake/Error/ErrorHandler.php(161): ErrorHandler::handleFatalError(4, 'syntax error, u...', '/www/hidef/app/...', 26)
#1 [internal function]: ErrorHandler::handleError(4, 'syntax error, u...', '/www/hidef/app/...', 26, Array)
#2 /www/hidef/lib/Cake/Core/App.php(926): call_user_func('ErrorHandler::h...', 4, 'syntax error, u...', '/www/hidef/app/...', 26, Array)
#3 /www/hidef/lib/Cake/Core/App.php(899): App::_checkFatalError()
#4 [internal function]: App::shutdown()
#5 {main}
2013-01-22 00:18:22 Error: Fatal Error (4): syntax error, unexpected T_ECHO in [/www/hidef/app/View/Contacts/index.ctp, line 31]
2013-01-22 00:18:22 Error: [FatalErrorException] syntax error, unexpected T_ECHO
#0 /www/hidef/lib/Cake/Error/ErrorHandler.php(161): ErrorHandler::handleFatalError(4, 'syntax error, u...', '/www/hidef/app/...', 31)
#1 [internal function]: ErrorHandler::handleError(4, 'syntax error, u...', '/www/hidef/app/...', 31, Array)
#2 /www/hidef/lib/Cake/Core/App.php(926): call_user_func('ErrorHandler::h...', 4, 'syntax error, u...', '/www/hidef/app/...', 31, Array)
#3 /www/hidef/lib/Cake/Core/App.php(899): App::_checkFatalError()
#4 [internal function]: App::shutdown()
#5 {main}
2013-01-22 00:59:55 Error: Fatal Error (4): syntax error, unexpected ';' in [/www/hidef/app/Controller/ContactsController.php, line 16]
2013-01-22 00:59:55 Error: [FatalErrorException] syntax error, unexpected ';'
#0 /www/hidef/lib/Cake/Error/ErrorHandler.php(161): ErrorHandler::handleFatalError(4, 'syntax error, u...', '/www/hidef/app/...', 16)
#1 [internal function]: ErrorHandler::handleError(4, 'syntax error, u...', '/www/hidef/app/...', 16, Array)
#2 /www/hidef/lib/Cake/Core/App.php(926): call_user_func('ErrorHandler::h...', 4, 'syntax error, u...', '/www/hidef/app/...', 16, Array)
#3 /www/hidef/lib/Cake/Core/App.php(899): App::_checkFatalError()
#4 [internal function]: App::shutdown()
#5 {main}
